<?xml version="1.0" encoding="UTF-8"?>
<testng-results ignored="2" total="2" passed="0" failed="0" skipped="0">
  <reporter-output>
  </reporter-output>
  <suite started-at="2020-10-18T16:08:58 IST" name="TestSuite" finished-at="2020-10-18T16:08:58 IST" duration-ms="16">
    <groups>
    </groups>
    <test started-at="2020-10-18T16:08:58 IST" name="TestNGDemo" finished-at="2020-10-18T16:08:58 IST" duration-ms="16">
    </test> <!-- TestNGDemo -->
  </suite> <!-- TestSuite -->
</testng-results>
