<?xml version="1.0" encoding="UTF-8"?>
<!-- Generated by org.testng.reporters.JUnitXMLReporter -->
<testsuite ignored="2" hostname="Vijays-MacBook-Pro.local" failures="0" tests="0" time="0.016" errors="0" timestamp="2020-10-18T16:08:58 IST">
  <testcase classname="com.vijay.jdk8related.TestNGDemo" name="test2" time="0.0">
    <ignored/>
  </testcase> <!-- test2 -->
  <testcase classname="com.vijay.jdk8related.TestNGDemo" name="test1" time="0.0">
    <ignored/>
  </testcase> <!-- test1 -->
</testsuite>
